<?xml version="1.0" encoding="UTF-8"?>
<testng-results ignored="0" total="1" passed="1" failed="0" skipped="0">
  <reporter-output>
  </reporter-output>
  <suite started-at="2023-04-19T18:08:34 IST" name="Default suite" finished-at="2023-04-19T18:11:22 IST" duration-ms="167942">
    <groups>
    </groups>
    <test started-at="2023-04-19T18:08:34 IST" name="Default test" finished-at="2023-04-19T18:11:22 IST" duration-ms="167942">
      <class name="org.charter1.tc75searchContact">
        <test-method is-config="true" signature="appiumConfiguration()[pri:0, instance:org.charter1.tc75searchContact@53ce1329]" started-at="2023-04-19T18:08:35 IST" name="appiumConfiguration" finished-at="2023-04-19T18:10:30 IST" duration-ms="115559" status="PASS">
          <reporter-output>
          </reporter-output>
        </test-method> <!-- appiumConfiguration -->
        <test-method signature="contact()[pri:0, instance:org.charter1.tc75searchContact@53ce1329]" started-at="2023-04-19T18:10:30 IST" name="contact" finished-at="2023-04-19T18:11:21 IST" duration-ms="50679" status="PASS">
          <reporter-output>
          </reporter-output>
        </test-method> <!-- contact -->
        <test-method is-config="true" signature="tearDown()[pri:0, instance:org.charter1.tc75searchContact@53ce1329]" started-at="2023-04-19T18:11:21 IST" name="tearDown" finished-at="2023-04-19T18:11:22 IST" duration-ms="1645" status="PASS">
          <reporter-output>
          </reporter-output>
        </test-method> <!-- tearDown -->
      </class> <!-- org.charter1.tc75searchContact -->
    </test> <!-- Default test -->
  </suite> <!-- Default suite -->
</testng-results>
