<?xml version="1.0" encoding="UTF-8"?>
<testng-results ignored="0" total="1" passed="1" failed="0" skipped="0">
  <reporter-output>
  </reporter-output>
  <suite started-at="2023-03-13T10:40:09 IST" name="Default suite" finished-at="2023-03-13T10:42:07 IST" duration-ms="117887">
    <groups>
    </groups>
    <test started-at="2023-03-13T10:40:09 IST" name="Default test" finished-at="2023-03-13T10:42:07 IST" duration-ms="117887">
      <class name="Sample.Appium.LongPress">
        <test-method is-config="true" signature="ConfigureAppium()[pri:0, instance:Sample.Appium.LongPress@57cf54e1]" started-at="2023-03-13T10:40:09 IST" name="ConfigureAppium" finished-at="2023-03-13T10:41:58 IST" duration-ms="108505" status="PASS">
          <reporter-output>
          </reporter-output>
        </test-method> <!-- ConfigureAppium -->
        <test-method signature="LongPressGesture()[pri:0, instance:Sample.Appium.LongPress@57cf54e1]" started-at="2023-03-13T10:41:58 IST" name="LongPressGesture" finished-at="2023-03-13T10:42:05 IST" duration-ms="7032" status="PASS">
          <reporter-output>
          </reporter-output>
        </test-method> <!-- LongPressGesture -->
        <test-method is-config="true" signature="tearDown()[pri:0, instance:Sample.Appium.LongPress@57cf54e1]" started-at="2023-03-13T10:42:05 IST" name="tearDown" finished-at="2023-03-13T10:42:07 IST" duration-ms="2301" status="PASS">
          <reporter-output>
          </reporter-output>
        </test-method> <!-- tearDown -->
      </class> <!-- Sample.Appium.LongPress -->
    </test> <!-- Default test -->
  </suite> <!-- Default suite -->
</testng-results>
